2023-08-04 10:51:40.113  WARN 7668 --- [main] ory$DuplicateJsonObjectContextCustomizer : 

Found multiple occurrences of org.json.JSONObject on the class path:

	jar:file:/C:/Users/sehga/.m2/repository/org/json/json/20160212/json-20160212.jar!/org/json/JSONObject.class
	jar:file:/C:/Users/sehga/.m2/repository/com/vaadin/external/google/android-json/0.0.20131108.vaadin1/android-json-0.0.20131108.vaadin1.jar!/org/json/JSONObject.class

You may wish to exclude one of them to ensure predictable runtime behavior

2023-08-04 10:51:40.307  INFO 7668 --- [main] com.rahulshettyacademy.PactConsumerTest  : Starting PactConsumerTest using Java 17.0.6 on DESKTOP-VLLIE0Q with PID 7668 (started by sehga in C:\Users\sehga\Documents\workspace-spring-tool-suite-4-4.17.2.RELEASE\Code+Projects\Code Projects\SpringBootRestService)
2023-08-04 10:51:40.312  INFO 7668 --- [main] com.rahulshettyacademy.PactConsumerTest  : No active profile set, falling back to default profiles: default
2023-08-04 10:51:44.590  INFO 7668 --- [main] .s.d.r.c.RepositoryConfigurationDelegate : Bootstrapping Spring Data JPA repositories in DEFAULT mode.
2023-08-04 10:51:45.022  INFO 7668 --- [main] .s.d.r.c.RepositoryConfigurationDelegate : Finished Spring Data repository scanning in 290 ms. Found 1 JPA repository interfaces.
2023-08-04 10:51:49.007  INFO 7668 --- [main] com.zaxxer.hikari.HikariDataSource       : HikariPool-1 - Starting...
2023-08-04 10:51:49.165  WARN 7668 --- [main] com.zaxxer.hikari.util.DriverDataSource  : Registered driver with driverClassName=com.mysql.jdbc.Driver was not found, trying direct instantiation.
2023-08-04 10:51:51.071  INFO 7668 --- [main] com.zaxxer.hikari.HikariDataSource       : HikariPool-1 - Start completed.
2023-08-04 10:51:52.460  INFO 7668 --- [main] o.hibernate.jpa.internal.util.LogHelper  : HHH000204: Processing PersistenceUnitInfo [name: default]
2023-08-04 10:51:53.228  INFO 7668 --- [main] org.hibernate.Version                    : HHH000412: Hibernate ORM core version 5.4.32.Final
2023-08-04 10:51:54.510  INFO 7668 --- [main] o.hibernate.annotations.common.Version   : HCANN000001: Hibernate Commons Annotations {5.1.2.Final}
2023-08-04 10:51:55.644  INFO 7668 --- [main] org.hibernate.dialect.Dialect            : HHH000400: Using dialect: org.hibernate.dialect.MySQL5InnoDBDialect
2023-08-04 10:51:59.525  INFO 7668 --- [main] o.h.e.t.j.p.i.JtaPlatformInitiator       : HHH000490: Using JtaPlatform implementation: [org.hibernate.engine.transaction.jta.platform.internal.NoJtaPlatform]
2023-08-04 10:51:59.617  INFO 7668 --- [main] j.LocalContainerEntityManagerFactoryBean : Initialized JPA EntityManagerFactory for persistence unit 'default'
2023-08-04 10:52:01.587  WARN 7668 --- [main] JpaBaseConfiguration$JpaWebConfiguration : spring.jpa.open-in-view is enabled by default. Therefore, database queries may be performed during view rendering. Explicitly configure spring.jpa.open-in-view to disable this warning
2023-08-04 10:52:03.515  INFO 7668 --- [main] com.rahulshettyacademy.PactConsumerTest  : Started PactConsumerTest in 25.403 seconds (JVM running for 33.529)
2023-08-04 10:52:07.399  INFO 7668 --- [main] a.c.d.p.c.junit5.PactConsumerTestExt     : Writing pacts out to default directory
2023-08-04 10:52:08.414  INFO 7668 --- [main] .b.t.c.SpringBootTestContextBootstrapper : Neither @ContextConfiguration nor @ContextHierarchy found for test class [com.rahulshettyacademy.SpringBootRestServiceApplicationTests], using SpringBootContextLoader
2023-08-04 10:52:08.420  INFO 7668 --- [main] o.s.t.c.support.AbstractContextLoader    : Could not detect default resource locations for test class [com.rahulshettyacademy.SpringBootRestServiceApplicationTests]: no resource found for suffixes {-context.xml, Context.groovy}.
2023-08-04 10:52:08.421  INFO 7668 --- [main] t.c.s.AnnotationConfigContextLoaderUtils : Could not detect default configuration classes for test class [com.rahulshettyacademy.SpringBootRestServiceApplicationTests]: SpringBootRestServiceApplicationTests does not declare any static, non-private, non-final, nested classes annotated with @Configuration.
2023-08-04 10:52:08.444  INFO 7668 --- [main] .b.t.c.SpringBootTestContextBootstrapper : Found @SpringBootConfiguration com.rahulshettyacademy.SpringBootRestServiceApplication for test class com.rahulshettyacademy.SpringBootRestServiceApplicationTests
2023-08-04 10:52:08.449  INFO 7668 --- [main] .b.t.c.SpringBootTestContextBootstrapper : Loaded default TestExecutionListener class names from location [META-INF/spring.factories]: [org.springframework.boot.test.mock.mockito.MockitoTestExecutionListener, org.springframework.boot.test.mock.mockito.ResetMocksTestExecutionListener, org.springframework.boot.test.autoconfigure.restdocs.RestDocsTestExecutionListener, org.springframework.boot.test.autoconfigure.web.client.MockRestServiceServerResetTestExecutionListener, org.springframework.boot.test.autoconfigure.web.servlet.MockMvcPrintOnlyOnFailureTestExecutionListener, org.springframework.boot.test.autoconfigure.web.servlet.WebDriverTestExecutionListener, org.springframework.boot.test.autoconfigure.webservices.client.MockWebServiceServerTestExecutionListener, org.springframework.test.context.web.ServletTestExecutionListener, org.springframework.test.context.support.DirtiesContextBeforeModesTestExecutionListener, org.springframework.test.context.event.ApplicationEventsTestExecutionListener, org.springframework.test.context.support.DependencyInjectionTestExecutionListener, org.springframework.test.context.support.DirtiesContextTestExecutionListener, org.springframework.test.context.transaction.TransactionalTestExecutionListener, org.springframework.test.context.jdbc.SqlScriptsTestExecutionListener, org.springframework.test.context.event.EventPublishingTestExecutionListener]
2023-08-04 10:52:08.450  INFO 7668 --- [main] .b.t.c.SpringBootTestContextBootstrapper : Using TestExecutionListeners: [org.springframework.test.context.web.ServletTestExecutionListener@77c66ac2, org.springframework.test.context.support.DirtiesContextBeforeModesTestExecutionListener@12e8c5c4, org.springframework.test.context.event.ApplicationEventsTestExecutionListener@27a717a7, org.springframework.boot.test.mock.mockito.MockitoTestExecutionListener@1d2b49b2, org.springframework.boot.test.autoconfigure.SpringBootDependencyInjectionTestExecutionListener@59ffb0af, org.springframework.test.context.support.DirtiesContextTestExecutionListener@d6d88b1, org.springframework.test.context.transaction.TransactionalTestExecutionListener@1268ac94, org.springframework.test.context.jdbc.SqlScriptsTestExecutionListener@55c901b2, org.springframework.test.context.event.EventPublishingTestExecutionListener@7197b96c, org.springframework.boot.test.mock.mockito.ResetMocksTestExecutionListener@105e9fef, org.springframework.boot.test.autoconfigure.restdocs.RestDocsTestExecutionListener@47858d7c, org.springframework.boot.test.autoconfigure.web.client.MockRestServiceServerResetTestExecutionListener@5a5cd0af, org.springframework.boot.test.autoconfigure.web.servlet.MockMvcPrintOnlyOnFailureTestExecutionListener@16cc5e51, org.springframework.boot.test.autoconfigure.web.servlet.WebDriverTestExecutionListener@72090a80, org.springframework.boot.test.autoconfigure.webservices.client.MockWebServiceServerTestExecutionListener@198c97d0]
2023-08-04 10:52:08.577  WARN 7668 --- [main] ory$DuplicateJsonObjectContextCustomizer : 

Found multiple occurrences of org.json.JSONObject on the class path:

	jar:file:/C:/Users/sehga/.m2/repository/org/json/json/20160212/json-20160212.jar!/org/json/JSONObject.class
	jar:file:/C:/Users/sehga/.m2/repository/com/vaadin/external/google/android-json/0.0.20131108.vaadin1/android-json-0.0.20131108.vaadin1.jar!/org/json/JSONObject.class

You may wish to exclude one of them to ensure predictable runtime behavior

2023-08-04 10:52:08.584  INFO 7668 --- [main] .r.SpringBootRestServiceApplicationTests : Starting SpringBootRestServiceApplicationTests using Java 17.0.6 on DESKTOP-VLLIE0Q with PID 7668 (started by sehga in C:\Users\sehga\Documents\workspace-spring-tool-suite-4-4.17.2.RELEASE\Code+Projects\Code Projects\SpringBootRestService)
2023-08-04 10:52:08.588  INFO 7668 --- [main] .r.SpringBootRestServiceApplicationTests : No active profile set, falling back to default profiles: default
2023-08-04 10:52:09.370  INFO 7668 --- [main] .s.d.r.c.RepositoryConfigurationDelegate : Bootstrapping Spring Data JPA repositories in DEFAULT mode.
2023-08-04 10:52:09.403  INFO 7668 --- [main] .s.d.r.c.RepositoryConfigurationDelegate : Finished Spring Data repository scanning in 31 ms. Found 1 JPA repository interfaces.
2023-08-04 10:52:10.063  INFO 7668 --- [main] com.zaxxer.hikari.HikariDataSource       : HikariPool-2 - Starting...
2023-08-04 10:52:10.065  WARN 7668 --- [main] com.zaxxer.hikari.util.DriverDataSource  : Registered driver with driverClassName=com.mysql.jdbc.Driver was not found, trying direct instantiation.
2023-08-04 10:52:10.130  INFO 7668 --- [main] com.zaxxer.hikari.HikariDataSource       : HikariPool-2 - Start completed.
2023-08-04 10:52:10.222  INFO 7668 --- [main] o.hibernate.jpa.internal.util.LogHelper  : HHH000204: Processing PersistenceUnitInfo [name: default]
2023-08-04 10:52:10.246  INFO 7668 --- [main] org.hibernate.dialect.Dialect            : HHH000400: Using dialect: org.hibernate.dialect.MySQL5InnoDBDialect
2023-08-04 10:52:10.444  INFO 7668 --- [main] o.h.e.t.j.p.i.JtaPlatformInitiator       : HHH000490: Using JtaPlatform implementation: [org.hibernate.engine.transaction.jta.platform.internal.NoJtaPlatform]
2023-08-04 10:52:10.444  INFO 7668 --- [main] j.LocalContainerEntityManagerFactoryBean : Initialized JPA EntityManagerFactory for persistence unit 'default'
2023-08-04 10:52:10.909  WARN 7668 --- [main] JpaBaseConfiguration$JpaWebConfiguration : spring.jpa.open-in-view is enabled by default. Therefore, database queries may be performed during view rendering. Explicitly configure spring.jpa.open-in-view to disable this warning
2023-08-04 10:52:11.742  INFO 7668 --- [main] o.s.b.t.m.w.SpringBootMockServletContext : Initializing Spring TestDispatcherServlet ''
2023-08-04 10:52:11.744  INFO 7668 --- [main] o.s.t.web.servlet.TestDispatcherServlet  : Initializing Servlet ''
2023-08-04 10:52:11.749  INFO 7668 --- [main] o.s.t.web.servlet.TestDispatcherServlet  : Completed initialization in 4 ms
2023-08-04 10:52:11.769  INFO 7668 --- [main] .r.SpringBootRestServiceApplicationTests : Started SpringBootRestServiceApplicationTests in 3.308 seconds (JVM running for 41.783)
2023-08-04 10:52:12.098  INFO 7668 --- [main] c.r.controller.LibraryController         : Book  is deleted 
2023-08-04 10:52:12.170  INFO 7668 --- [main] c.r.controller.LibraryController         : Book do not exist so creating one
2023-08-04 10:52:12.409  INFO 7668 --- [main] c.r.controller.LibraryController         : Book do not exist so creating one
2023-08-04 10:52:12.449  INFO 7668 --- [main] .b.t.c.SpringBootTestContextBootstrapper : Neither @ContextConfiguration nor @ContextHierarchy found for test class [com.rahulshettyacademy.testsIT], using SpringBootContextLoader
2023-08-04 10:52:12.451  INFO 7668 --- [main] o.s.t.c.support.AbstractContextLoader    : Could not detect default resource locations for test class [com.rahulshettyacademy.testsIT]: no resource found for suffixes {-context.xml, Context.groovy}.
2023-08-04 10:52:12.452  INFO 7668 --- [main] t.c.s.AnnotationConfigContextLoaderUtils : Could not detect default configuration classes for test class [com.rahulshettyacademy.testsIT]: testsIT does not declare any static, non-private, non-final, nested classes annotated with @Configuration.
2023-08-04 10:52:12.461  INFO 7668 --- [main] .b.t.c.SpringBootTestContextBootstrapper : Found @SpringBootConfiguration com.rahulshettyacademy.SpringBootRestServiceApplication for test class com.rahulshettyacademy.testsIT
2023-08-04 10:52:12.485  INFO 7668 --- [main] .b.t.c.SpringBootTestContextBootstrapper : Loaded default TestExecutionListener class names from location [META-INF/spring.factories]: [org.springframework.boot.test.mock.mockito.MockitoTestExecutionListener, org.springframework.boot.test.mock.mockito.ResetMocksTestExecutionListener, org.springframework.boot.test.autoconfigure.restdocs.RestDocsTestExecutionListener, org.springframework.boot.test.autoconfigure.web.client.MockRestServiceServerResetTestExecutionListener, org.springframework.boot.test.autoconfigure.web.servlet.MockMvcPrintOnlyOnFailureTestExecutionListener, org.springframework.boot.test.autoconfigure.web.servlet.WebDriverTestExecutionListener, org.springframework.boot.test.autoconfigure.webservices.client.MockWebServiceServerTestExecutionListener, org.springframework.test.context.web.ServletTestExecutionListener, org.springframework.test.context.support.DirtiesContextBeforeModesTestExecutionListener, org.springframework.test.context.event.ApplicationEventsTestExecutionListener, org.springframework.test.context.support.DependencyInjectionTestExecutionListener, org.springframework.test.context.support.DirtiesContextTestExecutionListener, org.springframework.test.context.transaction.TransactionalTestExecutionListener, org.springframework.test.context.jdbc.SqlScriptsTestExecutionListener, org.springframework.test.context.event.EventPublishingTestExecutionListener]
2023-08-04 10:52:12.494  INFO 7668 --- [main] .b.t.c.SpringBootTestContextBootstrapper : Using TestExecutionListeners: [org.springframework.test.context.web.ServletTestExecutionListener@1caf77f6, org.springframework.test.context.support.DirtiesContextBeforeModesTestExecutionListener@246f9fa8, org.springframework.test.context.event.ApplicationEventsTestExecutionListener@4d001a14, org.springframework.boot.test.mock.mockito.MockitoTestExecutionListener@7af85b32, org.springframework.boot.test.autoconfigure.SpringBootDependencyInjectionTestExecutionListener@1d8f835c, org.springframework.test.context.support.DirtiesContextTestExecutionListener@45c5cd9a, org.springframework.test.context.transaction.TransactionalTestExecutionListener@858bf8c, org.springframework.test.context.jdbc.SqlScriptsTestExecutionListener@30c1447e, org.springframework.test.context.event.EventPublishingTestExecutionListener@5135b459, org.springframework.boot.test.mock.mockito.ResetMocksTestExecutionListener@3a770af8, org.springframework.boot.test.autoconfigure.restdocs.RestDocsTestExecutionListener@779e66e5, org.springframework.boot.test.autoconfigure.web.client.MockRestServiceServerResetTestExecutionListener@4d462edc, org.springframework.boot.test.autoconfigure.web.servlet.MockMvcPrintOnlyOnFailureTestExecutionListener@312ddc51, org.springframework.boot.test.autoconfigure.web.servlet.WebDriverTestExecutionListener@330f3046, org.springframework.boot.test.autoconfigure.webservices.client.MockWebServiceServerTestExecutionListener@37a2d18c]
2023-08-04 10:52:12.685  INFO 7668 --- [SpringApplicationShutdownHook] j.LocalContainerEntityManagerFactoryBean : Closing JPA EntityManagerFactory for persistence unit 'default'
2023-08-04 10:52:12.692  INFO 7668 --- [SpringApplicationShutdownHook] com.zaxxer.hikari.HikariDataSource       : HikariPool-1 - Shutdown initiated...
2023-08-04 10:52:12.809  INFO 7668 --- [SpringApplicationShutdownHook] com.zaxxer.hikari.HikariDataSource       : HikariPool-1 - Shutdown completed.
2023-08-04 10:52:12.815  INFO 7668 --- [SpringApplicationShutdownHook] j.LocalContainerEntityManagerFactoryBean : Closing JPA EntityManagerFactory for persistence unit 'default'
2023-08-04 10:52:12.818  INFO 7668 --- [SpringApplicationShutdownHook] com.zaxxer.hikari.HikariDataSource       : HikariPool-2 - Shutdown initiated...
2023-08-04 10:52:12.904  INFO 7668 --- [SpringApplicationShutdownHook] com.zaxxer.hikari.HikariDataSource       : HikariPool-2 - Shutdown completed.
